2019-08-29 20:31:43.179 DEBUG 23768 --- [main] o.s.w.c.s.StandardServletEnvironment     : Adding PropertySource 'configurationProperties' with highest search precedence
2019-08-29 20:31:43.212 DEBUG 23768 --- [main] o.s.w.c.s.StandardServletEnvironment     : Adding PropertySource 'servletConfigInitParams' with lowest search precedence
2019-08-29 20:31:43.212 DEBUG 23768 --- [main] o.s.w.c.s.StandardServletEnvironment     : Adding PropertySource 'servletContextInitParams' with lowest search precedence
2019-08-29 20:31:43.212 DEBUG 23768 --- [main] o.s.w.c.s.StandardServletEnvironment     : Adding PropertySource 'systemProperties' with lowest search precedence
2019-08-29 20:31:43.222 DEBUG 23768 --- [main] o.s.w.c.s.StandardServletEnvironment     : Adding PropertySource 'systemEnvironment' with lowest search precedence
2019-08-29 20:31:43.222 DEBUG 23768 --- [main] o.s.w.c.s.StandardServletEnvironment     : Initialized StandardServletEnvironment with PropertySources [StubPropertySource {name='servletConfigInitParams'}, StubPropertySource {name='servletContextInitParams'}, MapPropertySource {name='systemProperties'}, SystemEnvironmentPropertySource {name='systemEnvironment'}]
2019-08-29 20:31:43.249  INFO 23768 --- [main] tws.Application                          : Starting Application on LAPTOP-FB74RMHG with PID 23768 (C:\Users\victor\Desktop\zuoyel\java_persistence_practice_parking_lot_comprehensive-2019-8-26-2-21-50-376\bin\main started by victor in C:\Users\victor\Desktop\zuoyel\java_persistence_practice_parking_lot_comprehensive-2019-8-26-2-21-50-376)
2019-08-29 20:31:43.250  INFO 23768 --- [main] tws.Application                          : No active profile set, falling back to default profiles: default
2019-08-29 20:31:43.278  INFO 23768 --- [main] ConfigServletWebServerApplicationContext : Refreshing org.springframework.boot.web.servlet.context.AnnotationConfigServletWebServerApplicationContext@16d04d3d: startup date [Thu Aug 29 20:31:43 CST 2019]; root of context hierarchy
2019-08-29 20:31:43.797 DEBUG 23768 --- [main] o.s.w.c.s.StandardServletEnvironment     : Removing PropertySource 'defaultProperties'
2019-08-29 20:31:44.323  INFO 23768 --- [main] o.s.b.w.embedded.tomcat.TomcatWebServer  : Tomcat initialized with port(s): 8083 (http)
2019-08-29 20:31:44.341  INFO 23768 --- [main] o.apache.catalina.core.StandardService   : Starting service [Tomcat]
2019-08-29 20:31:44.342  INFO 23768 --- [main] org.apache.catalina.core.StandardEngine  : Starting Servlet Engine: Apache Tomcat/8.5.31
2019-08-29 20:31:44.350  INFO 23768 --- [localhost-startStop-1] o.a.catalina.core.AprLifecycleListener   : The APR based Apache Tomcat Native library which allows optimal performance in production environments was not found on the java.library.path: [C:\Program Files\Java\jre1.8.0_181\bin;C:\Windows\Sun\Java\bin;C:\Windows\system32;C:\Windows;C:/Program Files/Java/jre1.8.0_181/bin/server;C:/Program Files/Java/jre1.8.0_181/bin;C:/Program Files/Java/jre1.8.0_181/lib/amd64;C:\Program Files (x86)\Common Files\Oracle\Java\javapath;C:\Windows\system32;C:\Windows;C:\Windows\System32\Wbem;C:\Windows\System32\WindowsPowerShell\v1.0\;C:\Windows\System32\OpenSSH\;C:\Program Files (x86)\NVIDIA Corporation\PhysX\Common;C:\Program Files\NVIDIA Corporation\NVIDIA NGX;C:\Program Files\NVIDIA Corporation\NVIDIA NvDLISR;D:\work\git\Git\cmd;C:\Program Files\Java\jdk1.8.0_181\bin;C:\Program Files\MySQL\MySQL Enterprise Backup 3.10.2\;C:\Program Files (x86)\MySQL\MySQL Utilities 1.4.3\;C:\Program Files (x86)\MySQL\MySQL Utilities 1.4.3\Doctrine extensions for PHP\;D:\360安全浏览器下载\node-v10.16.3-x86.msi\;C:\Users\victor\AppData\Local\Microsoft\WindowsApps;;D:\工作\VS code\Microsoft VS Code\bin;C:\Users\victor\AppData\Roaming\npm;D:\360安全浏览器下载\eclipse;;.]
2019-08-29 20:31:44.412  INFO 23768 --- [localhost-startStop-1] o.a.c.c.C.[Tomcat].[localhost].[/]       : Initializing Spring embedded WebApplicationContext
2019-08-29 20:31:44.412 DEBUG 23768 --- [localhost-startStop-1] o.s.web.context.ContextLoader            : Published root WebApplicationContext as ServletContext attribute with name [org.springframework.web.context.WebApplicationContext.ROOT]
2019-08-29 20:31:44.413  INFO 23768 --- [localhost-startStop-1] o.s.web.context.ContextLoader            : Root WebApplicationContext: initialization completed in 1135 ms
2019-08-29 20:31:44.513  INFO 23768 --- [localhost-startStop-1] o.s.b.w.servlet.ServletRegistrationBean  : Servlet dispatcherServlet mapped to [/]
2019-08-29 20:31:44.514  INFO 23768 --- [localhost-startStop-1] o.s.b.w.servlet.ServletRegistrationBean  : Servlet webServlet mapped to [/h2-console/*]
2019-08-29 20:31:44.517  INFO 23768 --- [localhost-startStop-1] o.s.b.w.servlet.FilterRegistrationBean   : Mapping filter: 'characterEncodingFilter' to: [/*]
2019-08-29 20:31:44.517  INFO 23768 --- [localhost-startStop-1] o.s.b.w.servlet.FilterRegistrationBean   : Mapping filter: 'hiddenHttpMethodFilter' to: [/*]
2019-08-29 20:31:44.517  INFO 23768 --- [localhost-startStop-1] o.s.b.w.servlet.FilterRegistrationBean   : Mapping filter: 'httpPutFormContentFilter' to: [/*]
2019-08-29 20:31:44.517  INFO 23768 --- [localhost-startStop-1] o.s.b.w.servlet.FilterRegistrationBean   : Mapping filter: 'requestContextFilter' to: [/*]
2019-08-29 20:31:44.535 DEBUG 23768 --- [main] o.s.w.c.s.StandardServletEnvironment     : Replacing PropertySource 'servletContextInitParams' with 'servletContextInitParams'
2019-08-29 20:31:44.543  WARN 23768 --- [main] ConfigServletWebServerApplicationContext : Exception encountered during context initialization - cancelling refresh attempt: org.springframework.beans.factory.BeanCreationException: Error creating bean with name 'employeeController' defined in file [C:\Users\victor\Desktop\zuoyel\java_persistence_practice_parking_lot_comprehensive-2019-8-26-2-21-50-376\bin\main\tws\controller\EmployeeController.class]: Instantiation of bean failed; nested exception is org.springframework.beans.BeanInstantiationException: Failed to instantiate [tws.controller.EmployeeController]: Constructor threw exception; nested exception is java.lang.Error: Unresolved compilation problems: 
	The import tws.entity.ParkingLot cannot be resolved
	The import tws.repository.ParkingLotMapper cannot be resolved
	ParkingLotMapper cannot be resolved to a type
	ParkingLot cannot be resolved to a type
	ParkingLotMapper cannot be resolved to a type

2019-08-29 20:31:44.545  INFO 23768 --- [main] o.apache.catalina.core.StandardService   : Stopping service [Tomcat]
2019-08-29 20:31:44.554  INFO 23768 --- [main] ConditionEvaluationReportLoggingListener : 

Error starting ApplicationContext. To display the conditions report re-run your application with 'debug' enabled.
2019-08-29 20:31:44.557 ERROR 23768 --- [main] o.s.boot.SpringApplication               : Application run failed

org.springframework.beans.factory.BeanCreationException: Error creating bean with name 'employeeController' defined in file [C:\Users\victor\Desktop\zuoyel\java_persistence_practice_parking_lot_comprehensive-2019-8-26-2-21-50-376\bin\main\tws\controller\EmployeeController.class]: Instantiation of bean failed; nested exception is org.springframework.beans.BeanInstantiationException: Failed to instantiate [tws.controller.EmployeeController]: Constructor threw exception; nested exception is java.lang.Error: Unresolved compilation problems: 
	The import tws.entity.ParkingLot cannot be resolved
	The import tws.repository.ParkingLotMapper cannot be resolved
	ParkingLotMapper cannot be resolved to a type
	ParkingLot cannot be resolved to a type
	ParkingLotMapper cannot be resolved to a type

	at org.springframework.beans.factory.support.AbstractAutowireCapableBeanFactory.instantiateBean(AbstractAutowireCapableBeanFactory.java:1238) ~[spring-beans-5.0.7.RELEASE.jar:5.0.7.RELEASE]
	at org.springframework.beans.factory.support.AbstractAutowireCapableBeanFactory.createBeanInstance(AbstractAutowireCapableBeanFactory.java:1137) ~[spring-beans-5.0.7.RELEASE.jar:5.0.7.RELEASE]
	at org.springframework.beans.factory.support.AbstractAutowireCapableBeanFactory.doCreateBean(AbstractAutowireCapableBeanFactory.java:543) ~[spring-beans-5.0.7.RELEASE.jar:5.0.7.RELEASE]
	at org.springframework.beans.factory.support.AbstractAutowireCapableBeanFactory.createBean(AbstractAutowireCapableBeanFactory.java:503) ~[spring-beans-5.0.7.RELEASE.jar:5.0.7.RELEASE]
	at org.springframework.beans.factory.support.AbstractBeanFactory.lambda$doGetBean$0(AbstractBeanFactory.java:317) ~[spring-beans-5.0.7.RELEASE.jar:5.0.7.RELEASE]
	at org.springframework.beans.factory.support.DefaultSingletonBeanRegistry.getSingleton(DefaultSingletonBeanRegistry.java:222) ~[spring-beans-5.0.7.RELEASE.jar:5.0.7.RELEASE]
	at org.springframework.beans.factory.support.AbstractBeanFactory.doGetBean(AbstractBeanFactory.java:315) ~[spring-beans-5.0.7.RELEASE.jar:5.0.7.RELEASE]
	at org.springframework.beans.factory.support.AbstractBeanFactory.getBean(AbstractBeanFactory.java:199) ~[spring-beans-5.0.7.RELEASE.jar:5.0.7.RELEASE]
	at org.springframework.beans.factory.support.DefaultListableBeanFactory.preInstantiateSingletons(DefaultListableBeanFactory.java:760) ~[spring-beans-5.0.7.RELEASE.jar:5.0.7.RELEASE]
	at org.springframework.context.support.AbstractApplicationContext.finishBeanFactoryInitialization(AbstractApplicationContext.java:869) ~[spring-context-5.0.7.RELEASE.jar:5.0.7.RELEASE]
	at org.springframework.context.support.AbstractApplicationContext.refresh(AbstractApplicationContext.java:550) ~[spring-context-5.0.7.RELEASE.jar:5.0.7.RELEASE]
	at org.springframework.boot.web.servlet.context.ServletWebServerApplicationContext.refresh(ServletWebServerApplicationContext.java:140) ~[spring-boot-2.0.3.RELEASE.jar:2.0.3.RELEASE]
	at org.springframework.boot.SpringApplication.refresh(SpringApplication.java:759) [spring-boot-2.0.3.RELEASE.jar:2.0.3.RELEASE]
	at org.springframework.boot.SpringApplication.refreshContext(SpringApplication.java:395) [spring-boot-2.0.3.RELEASE.jar:2.0.3.RELEASE]
	at org.springframework.boot.SpringApplication.run(SpringApplication.java:327) [spring-boot-2.0.3.RELEASE.jar:2.0.3.RELEASE]
	at org.springframework.boot.SpringApplication.run(SpringApplication.java:1255) [spring-boot-2.0.3.RELEASE.jar:2.0.3.RELEASE]
	at org.springframework.boot.SpringApplication.run(SpringApplication.java:1243) [spring-boot-2.0.3.RELEASE.jar:2.0.3.RELEASE]
	at tws.Application.main(Application.java:9) [main/:na]
Caused by: org.springframework.beans.BeanInstantiationException: Failed to instantiate [tws.controller.EmployeeController]: Constructor threw exception; nested exception is java.lang.Error: Unresolved compilation problems: 
	The import tws.entity.ParkingLot cannot be resolved
	The import tws.repository.ParkingLotMapper cannot be resolved
	ParkingLotMapper cannot be resolved to a type
	ParkingLot cannot be resolved to a type
	ParkingLotMapper cannot be resolved to a type

	at org.springframework.beans.BeanUtils.instantiateClass(BeanUtils.java:182) ~[spring-beans-5.0.7.RELEASE.jar:5.0.7.RELEASE]
	at org.springframework.beans.factory.support.SimpleInstantiationStrategy.instantiate(SimpleInstantiationStrategy.java:87) ~[spring-beans-5.0.7.RELEASE.jar:5.0.7.RELEASE]
	at org.springframework.beans.factory.support.AbstractAutowireCapableBeanFactory.instantiateBean(AbstractAutowireCapableBeanFactory.java:1230) ~[spring-beans-5.0.7.RELEASE.jar:5.0.7.RELEASE]
	... 17 common frames omitted
Caused by: java.lang.Error: Unresolved compilation problems: 
	The import tws.entity.ParkingLot cannot be resolved
	The import tws.repository.ParkingLotMapper cannot be resolved
	ParkingLotMapper cannot be resolved to a type
	ParkingLot cannot be resolved to a type
	ParkingLotMapper cannot be resolved to a type

	at tws.controller.EmployeeController.<init>(EmployeeController.java:7) ~[main/:na]
	at sun.reflect.NativeConstructorAccessorImpl.newInstance0(Native Method) ~[na:1.8.0_181]
	at sun.reflect.NativeConstructorAccessorImpl.newInstance(Unknown Source) ~[na:1.8.0_181]
	at sun.reflect.DelegatingConstructorAccessorImpl.newInstance(Unknown Source) ~[na:1.8.0_181]
	at java.lang.reflect.Constructor.newInstance(Unknown Source) ~[na:1.8.0_181]
	at org.springframework.beans.BeanUtils.instantiateClass(BeanUtils.java:170) ~[spring-beans-5.0.7.RELEASE.jar:5.0.7.RELEASE]
	... 19 common frames omitted

